Arguments: 
  C:\Program Files\nodejs\node.exe C:\Users\Zalman\AppData\Roaming\npm\node_modules\yarn\bin\yarn.js add electron-squirrel-startup

PATH: 
  ./node_modules/.bin;C:\Program Files (x86)\NVIDIA Corporation\PhysX\Common;C:\Python311\Scripts\;C:\Python311\;C:\Python310\Scripts\;C:\Python310\;C:\Program Files\Common Files\Oracle\Java\javapath;C:\Program Files (x86)\Common Files\Oracle\Java\javapath;C:\Python39\Scripts\;C:\Python39\;C:\ProgramData\Oracle\Java\javapath;C:\WINDOWS\system32;C:\WINDOWS;C:\WINDOWS\System32\Wbem;C:\WINDOWS\System32\WindowsPowerShell\v1.0\;C:\WINDOWS\System32\OpenSSH\;C:\Program Files\Intel\WiFi\bin\;C:\Program Files\Common Files\Intel\WirelessCommon\;C:\Program Files (x86)\IVI Foundation\VISA\WinNT\Bin;C:\ProgramData\chocolatey\bin;C:\MinGW\bin;C:\Program Files\dotnet\;C:\Program Files\PuTTY\;C:\Program Files\WorldPainter;C:\Program Files\Git\cmd;C:\Program Files\nodejs\;C:\Program Files (x86)\Windows Kits\8.1\Windows Performance Toolkit\;C:\Program Files\Microsoft SQL Server\150\Tools\Binn\;C:\Program Files\Microsoft SQL Server\Client SDK\ODBC\170\Tools\Binn\;C:\Users\Zalman\AppData\Local\pnpm;C:\Users\Zalman\AppData\Local\Microsoft\WindowsApps;C:\www-tom\Microsoft VS Code\bin;C:\Program Files\Intel\WiFi\bin\;C:\Program Files\Common Files\Intel\WirelessCommon\;C:\Users\Zalman\AppData\Local\Microsoft\WindowsApps;C:\Users\Zalman\AppData\Roaming\npm;C:\Users\Zalman\AppData\Local\GitHubDesktop\bin;D:\Apps\IntelliJ IDEA 2023.1.3\bin;;C:\Users\Zalman\.dotnet\tools

Yarn version: 
  1.22.19

Node version: 
  19.1.0

Platform: 
  win32 x64

Trace: 
  Error: getaddrinfo EAI_AGAIN registry.yarnpkg.com
      at GetAddrInfoReqWrap.onlookup [as oncomplete] (node:dns:107:26)

npm manifest: 
  {
    "name": "picscalez",
    "version": "1.0.0",
    "main": "main.js",
    "scripts": {
      "start": "electron-forge start",
      "test": "echo \"Error: no test specified\" && exit 1",
      "package": "electron-forge package",
      "make": "electron-forge make"
    },
    "author": "TK & OP",
    "dependencies": {
      "archiver": "^6.0.1",
      "sharp": "^0.32.6"
    },
    "devDependencies": {
      "@electron-forge/cli": "^6.4.2",
      "electron": "26.2.2"
    }
  }

yarn manifest: 
  No manifest

Lockfile: 
  No lockfile
